------------------------------------------------------------------------------------------------------------------------

[2012-04-12 21:11:02 #1 tools.enhancer] 
com.objectdb.o.UserException: Failed to process class file of type 'co.edu.udea.ludens.dao.GameDAOImpl'
	at com.objectdb.o.MSG.d(MSG.java:74)
	at com.objectdb.o.JEL.A(JEL.java:442)
	at com.objectdb.o.JEN.k(JEN.java:93)
	at com.objectdb.Enhancer.main(Enhancer.java:32)
Caused by: java.lang.NoClassDefFoundError: Lorg/apache/log4j/Logger;
	at java.lang.Class.getDeclaredFields0(Native Method)
	at java.lang.Class.privateGetDeclaredFields(Class.java:2291)
	at java.lang.Class.getDeclaredField(Class.java:1880)
	at com.objectdb.o.JEW.aK(JEW.java:307)
	at com.objectdb.o.JEW.aJ(JEW.java:267)
	at com.objectdb.o.JEW.aJ(JEW.java:230)
	at com.objectdb.o.JEW.aI(JEW.java:194)
	at com.objectdb.o.JEL.A(JEL.java:433)
	... 2 more
Caused by: java.lang.ClassNotFoundException: org.apache.log4j.Logger
	at java.lang.ClassLoader.findClass(ClassLoader.java:358)
	at com.objectdb.o.ACL.loadClass(ACL.java:131)
	at com.objectdb.o.BCL.loadClass(BCL.java:63)
	at java.lang.ClassLoader.loadClass(ClassLoader.java:247)
	... 10 more

------------------------------------------------------------------------------------------------------------------------

[2012-04-12 21:32:51 #1 tools.enhancer] 
com.objectdb.o.UserException: No files for enhancement in path Utopia/build/classes/co/edu/udea/ludens/domain/*.class
	at com.objectdb.o.MSG.d(MSG.java:61)
	at com.objectdb.o.JEN.l(JEN.java:125)
	at com.objectdb.o.JEN.k(JEN.java:90)
	at com.objectdb.Enhancer.main(Enhancer.java:32)

